This is pdfTeX, Version 3.14159265-2.6-1.40.21 (TeX Live 2020/W32TeX) (preloaded format=pdflatex 2020.1.18)  23 JAN 2020 19:16
entering extended mode
 restricted \write18 enabled.
 file:line:error style messages enabled.
 %&-line parsing enabled.
**resume-template.tex
(./resume-template.tex
LaTeX2e <2019-10-01> patch level 3
(./cis-resume.cls
./cis-resume.cls:5: Undefined control sequence.
\GenericError  ...                                
                                                    #4  \errhelp \@err@     ...
l.5 ...¹ãƒ†ãƒ å­¦ç§‘ æƒ…å ±ç³» å’æ¥­ç ”ç©¶è¦æ—¨]
                                                  
The control sequence at the end of the top line
of your error message was never \def'ed. If you have
misspelled it (e.g., `\hobx'), type `I' and the correct
spelling (e.g., `I\hbox'). Otherwise just continue,
and I'll forget about whatever was undefined.

./cis-resume.cls:5: Undefined control sequence.
\GenericError  ...                                
                                                  \let \@err@               ...
l.5 ...¹ãƒ†ãƒ å­¦ç§‘ æƒ…å ±ç³» å’æ¥­ç ”ç©¶è¦æ—¨]
                                                  
The control sequence at the end of the top line
of your error message was never \def'ed. If you have
misspelled it (e.g., `\hobx'), type `I' and the correct
spelling (e.g., `I\hbox'). Otherwise just continue,
and I'll forget about whatever was undefined.

./cis-resume.cls:5: Undefined control sequence.
\GenericError  ...                                
                                                  \@empty \def \MessageBreak...
l.5 ...¹ãƒ†ãƒ å­¦ç§‘ æƒ…å ±ç³» å’æ¥­ç ”ç©¶è¦æ—¨]
                                                  
The control sequence at the end of the top line
of your error message was never \def'ed. If you have
misspelled it (e.g., `\hobx'), type `I' and the correct
spelling (e.g., `I\hbox'). Otherwise just continue,
and I'll forget about whatever was undefined.

./cis-resume.cls:5: Undefined control sequence.
\GenericError  ...                                
                                                     \endgroup 
l.5 ...¹ãƒ†ãƒ å­¦ç§‘ æƒ…å ±ç³» å’æ¥­ç ”ç©¶è¦æ—¨]
                                                  
The control sequence at the end of the top line
of your error message was never \def'ed. If you have
misspelled it (e.g., `\hobx'), type `I' and the correct
spelling (e.g., `I\hbox'). Otherwise just continue,
and I'll forget about whatever was undefined.

./cis-resume.cls:5: Undefined control sequence.
\GenericError  ...                                
                                                    #4  \errhelp \@err@     ...
l.5 ...¹ãƒ†ãƒ å­¦ç§‘ æƒ…å ±ç³» å’æ¥­ç ”ç©¶è¦æ—¨]
                                                  
The control sequence at the end of the top line
of your error message was never \def'ed. If you have
misspelled it (e.g., `\hobx'), type `I' and the correct
spelling (e.g., `I\hbox'). Otherwise just continue,
and I'll forget about whatever was undefined.

./cis-resume.cls:5: Undefined control sequence.
\GenericError  ...                                
                                                  \let \@err@               ...
l.5 ...¹ãƒ†ãƒ å­¦ç§‘ æƒ…å ±ç³» å’æ¥­ç ”ç©¶è¦æ—¨]
                                                  
The control sequence at the end of the top line
of your error message was never \def'ed. If you have
misspelled it (e.g., `\hobx'), type `I' and the correct
spelling (e.g., `I\hbox'). Otherwise just continue,
and I'll forget about whatever was undefined.

./cis-resume.cls:5: Undefined control sequence.
\GenericError  ...                                
                                                  \@empty \def \MessageBreak...
l.5 ...¹ãƒ†ãƒ å­¦ç§‘ æƒ…å ±ç³» å’æ¥­ç ”ç©¶è¦æ—¨]
                                                  
The control sequence at the end of the top line
of your error message was never \def'ed. If you have
misspelled it (e.g., `\hobx'), type `I' and the correct
spelling (e.g., `I\hbox'). Otherwise just continue,
and I'll forget about whatever was undefined.

./cis-resume.cls:5: Undefined control sequence.
\GenericError  ...                                
                                                     \endgroup 
l.5 ...¹ãƒ†ãƒ å­¦ç§‘ æƒ…å ±ç³» å’æ¥­ç ”ç©¶è¦æ—¨]
                                                  
The control sequence at the end of the top line
of your error message was never \def'ed. If you have
misspelled it (e.g., `\hobx'), type `I' and the correct
spelling (e.g., `I\hbox'). Otherwise just continue,
and I'll forget about whatever was undefined.

./cis-resume.cls:5: Undefined control sequence.
\GenericError  ...                                
                                                    #4  \errhelp \@err@     ...
l.5 ...¹ãƒ†ãƒ å­¦ç§‘ æƒ…å ±ç³» å’æ¥­ç ”ç©¶è¦æ—¨]
                                                  
The control sequence at the end of the top line
of your error message was never \def'ed. If you have
misspelled it (e.g., `\hobx'), type `I' and the correct
spelling (e.g., `I\hbox'). Otherwise just continue,
and I'll forget about whatever was undefined.

./cis-resume.cls:5: Undefined control sequence.
\GenericError  ...                                
                                                  \let \@err@               ...
l.5 ...¹ãƒ†ãƒ å­¦ç§‘ æƒ…å ±ç³» å’æ¥­ç ”ç©¶è¦æ—¨]
                                                  
The control sequence at the end of the top line
of your error message was never \def'ed. If you have
misspelled it (e.g., `\hobx'), type `I' and the correct
spelling (e.g., `I\hbox'). Otherwise just continue,
and I'll forget about whatever was undefined.

./cis-resume.cls:5: Undefined control sequence.
\GenericError  ...                                
                                                  \@empty \def \MessageBreak...
l.5 ...¹ãƒ†ãƒ å­¦ç§‘ æƒ…å ±ç³» å’æ¥­ç ”ç©¶è¦æ—¨]
                                                  
The control sequence at the end of the top line
of your error message was never \def'ed. If you have
misspelled it (e.g., `\hobx'), type `I' and the correct
spelling (e.g., `I\hbox'). Otherwise just continue,
and I'll forget about whatever was undefined.

./cis-resume.cls:5: Undefined control sequence.
\GenericError  ...                                
                                                     \endgroup 
l.5 ...¹ãƒ†ãƒ å­¦ç§‘ æƒ…å ±ç³» å’æ¥­ç ”ç©¶è¦æ—¨]
                                                  
The control sequence at the end of the top line
of your error message was never \def'ed. If you have
misspelled it (e.g., `\hobx'), type `I' and the correct
spelling (e.g., `I\hbox'). Otherwise just continue,
and I'll forget about whatever was undefined.

./cis-resume.cls:5: Undefined control sequence.
\GenericError  ...                                
                                                    #4  \errhelp \@err@     ...
l.5 ...¹ãƒ†ãƒ å­¦ç§‘ æƒ…å ±ç³» å’æ¥­ç ”ç©¶è¦æ—¨]
                                                  
The control sequence at the end of the top line
of your error message was never \def'ed. If you have
misspelled it (e.g., `\hobx'), type `I' and the correct
spelling (e.g., `I\hbox'). Otherwise just continue,
and I'll forget about whatever was undefined.

./cis-resume.cls:5: Undefined control sequence.
\GenericError  ...                                
                                                  \let \@err@               ...
l.5 ...¹ãƒ†ãƒ å­¦ç§‘ æƒ…å ±ç³» å’æ¥­ç ”ç©¶è¦æ—¨]
                                                  
The control sequence at the end of the top line
of your error message was never \def'ed. If you have
misspelled it (e.g., `\hobx'), type `I' and the correct
spelling (e.g., `I\hbox'). Otherwise just continue,
and I'll forget about whatever was undefined.

./cis-resume.cls:5: Undefined control sequence.
\GenericError  ...                                
                                                  \@empty \def \MessageBreak...
l.5 ...¹ãƒ†ãƒ å­¦ç§‘ æƒ…å ±ç³» å’æ¥­ç ”ç©¶è¦æ—¨]
                                                  
The control sequence at the end of the top line
of your error message was never \def'ed. If you have
misspelled it (e.g., `\hobx'), type `I' and the correct
spelling (e.g., `I\hbox'). Otherwise just continue,
and I'll forget about whatever was undefined.

./cis-resume.cls:5: Undefined control sequence.
\GenericError  ...                                
                                                     \endgroup 
l.5 ...¹ãƒ†ãƒ å­¦ç§‘ æƒ…å ±ç³» å’æ¥­ç ”ç©¶è¦æ—¨]
                                                  
The control sequence at the end of the top line
of your error message was never \def'ed. If you have
misspelled it (e.g., `\hobx'), type `I' and the correct
spelling (e.g., `I\hbox'). Otherwise just continue,
and I'll forget about whatever was undefined.

./cis-resume.cls:5: Undefined control sequence.
\GenericError  ...                                
                                                    #4  \errhelp \@err@     ...
l.5 ...¹ãƒ†ãƒ å­¦ç§‘ æƒ…å ±ç³» å’æ¥­ç ”ç©¶è¦æ—¨]
                                                  
The control sequence at the end of the top line
of your error message was never \def'ed. If you have
misspelled it (e.g., `\hobx'), type `I' and the correct
spelling (e.g., `I\hbox'). Otherwise just continue,
and I'll forget about whatever was undefined.

./cis-resume.cls:5: Undefined control sequence.
\GenericError  ...                                
                                                  \let \@err@               ...
l.5 ...¹ãƒ†ãƒ å­¦ç§‘ æƒ…å ±ç³» å’æ¥­ç ”ç©¶è¦æ—¨]
                                                  
The control sequence at the end of the top line
of your error message was never \def'ed. If you have
misspelled it (e.g., `\hobx'), type `I' and the correct
spelling (e.g., `I\hbox'). Otherwise just continue,
and I'll forget about whatever was undefined.

./cis-resume.cls:5: Undefined control sequence.
\GenericError  ...                                
                                                  \@empty \def \MessageBreak...
l.5 ...¹ãƒ†ãƒ å­¦ç§‘ æƒ…å ±ç³» å’æ¥­ç ”ç©¶è¦æ—¨]
                                                  
The control sequence at the end of the top line
of your error message was never \def'ed. If you have
misspelled it (e.g., `\hobx'), type `I' and the correct
spelling (e.g., `I\hbox'). Otherwise just continue,
and I'll forget about whatever was undefined.

./cis-resume.cls:5: Undefined control sequence.
\GenericError  ...                                
                                                     \endgroup 
l.5 ...¹ãƒ†ãƒ å­¦ç§‘ æƒ…å ±ç³» å’æ¥­ç ”ç©¶è¦æ—¨]
                                                  
The control sequence at the end of the top line
of your error message was never \def'ed. If you have
misspelled it (e.g., `\hobx'), type `I' and the correct
spelling (e.g., `I\hbox'). Otherwise just continue,
and I'll forget about whatever was undefined.

./cis-resume.cls:5: Undefined control sequence.
\GenericError  ...                                
                                                    #4  \errhelp \@err@     ...
l.5 ...¹ãƒ†ãƒ å­¦ç§‘ æƒ…å ±ç³» å’æ¥­ç ”ç©¶è¦æ—¨]
                                                  
The control sequence at the end of the top line
of your error message was never \def'ed. If you have
misspelled it (e.g., `\hobx'), type `I' and the correct
spelling (e.g., `I\hbox'). Otherwise just continue,
and I'll forget about whatever was undefined.

./cis-resume.cls:5: Undefined control sequence.
\GenericError  ...                                
                                                  \let \@err@               ...
l.5 ...¹ãƒ†ãƒ å­¦ç§‘ æƒ…å ±ç³» å’æ¥­ç ”ç©¶è¦æ—¨]
                                                  
The control sequence at the end of the top line
of your error message was never \def'ed. If you have
misspelled it (e.g., `\hobx'), type `I' and the correct
spelling (e.g., `I\hbox'). Otherwise just continue,
and I'll forget about whatever was undefined.

./cis-resume.cls:5: Undefined control sequence.
\GenericError  ...                                
                                                  \@empty \def \MessageBreak...
l.5 ...¹ãƒ†ãƒ å­¦ç§‘ æƒ…å ±ç³» å’æ¥­ç ”ç©¶è¦æ—¨]
                                                  
The control sequence at the end of the top line
of your error message was never \def'ed. If you have
misspelled it (e.g., `\hobx'), type `I' and the correct
spelling (e.g., `I\hbox'). Otherwise just continue,
and I'll forget about whatever was undefined.

./cis-resume.cls:5: Undefined control sequence.
\GenericError  ...                                
                                                     \endgroup 
l.5 ...¹ãƒ†ãƒ å­¦ç§‘ æƒ…å ±ç³» å’æ¥­ç ”ç©¶è¦æ—¨]
                                                  
The control sequence at the end of the top line
of your error message was never \def'ed. If you have
misspelled it (e.g., `\hobx'), type `I' and the correct
spelling (e.g., `I\hbox'). Otherwise just continue,
and I'll forget about whatever was undefined.

./cis-resume.cls:5: Undefined control sequence.
\GenericError  ...                                
                                                    #4  \errhelp \@err@     ...
l.5 ...¹ãƒ†ãƒ å­¦ç§‘ æƒ…å ±ç³» å’æ¥­ç ”ç©¶è¦æ—¨]
                                                  
The control sequence at the end of the top line
of your error message was never \def'ed. If you have
misspelled it (e.g., `\hobx'), type `I' and the correct
spelling (e.g., `I\hbox'). Otherwise just continue,
and I'll forget about whatever was undefined.

./cis-resume.cls:5: Undefined control sequence.
\GenericError  ...                                
                                                  \let \@err@               ...
l.5 ...¹ãƒ†ãƒ å­¦ç§‘ æƒ…å ±ç³» å’æ¥­ç ”ç©¶è¦æ—¨]
                                                  
The control sequence at the end of the top line
of your error message was never \def'ed. If you have
misspelled it (e.g., `\hobx'), type `I' and the correct
spelling (e.g., `I\hbox'). Otherwise just continue,
and I'll forget about whatever was undefined.

./cis-resume.cls:5: Undefined control sequence.
\GenericError  ...                                
                                                  \@empty \def \MessageBreak...
l.5 ...¹ãƒ†ãƒ å­¦ç§‘ æƒ…å ±ç³» å’æ¥­ç ”ç©¶è¦æ—¨]
                                                  
The control sequence at the end of the top line
of your error message was never \def'ed. If you have
misspelled it (e.g., `\hobx'), type `I' and the correct
spelling (e.g., `I\hbox'). Otherwise just continue,
and I'll forget about whatever was undefined.

./cis-resume.cls:5: Undefined control sequence.
\GenericError  ...                                
                                                     \endgroup 
l.5 ...¹ãƒ†ãƒ å­¦ç§‘ æƒ…å ±ç³» å’æ¥­ç ”ç©¶è¦æ—¨]
                                                  
The control sequence at the end of the top line
of your error message was never \def'ed. If you have
misspelled it (e.g., `\hobx'), type `I' and the correct
spelling (e.g., `I\hbox'). Otherwise just continue,
and I'll forget about whatever was undefined.

./cis-resume.cls:5: Undefined control sequence.
\GenericError  ...                                
                                                    #4  \errhelp \@err@     ...
l.5 ...¹ãƒ†ãƒ å­¦ç§‘ æƒ…å ±ç³» å’æ¥­ç ”ç©¶è¦æ—¨]
                                                  
The control sequence at the end of the top line
of your error message was never \def'ed. If you have
misspelled it (e.g., `\hobx'), type `I' and the correct
spelling (e.g., `I\hbox'). Otherwise just continue,
and I'll forget about whatever was undefined.

./cis-resume.cls:5: Undefined control sequence.
\GenericError  ...                                
                                                  \let \@err@               ...
l.5 ...¹ãƒ†ãƒ å­¦ç§‘ æƒ…å ±ç³» å’æ¥­ç ”ç©¶è¦æ—¨]
                                                  
The control sequence at the end of the top line
of your error message was never \def'ed. If you have
misspelled it (e.g., `\hobx'), type `I' and the correct
spelling (e.g., `I\hbox'). Otherwise just continue,
and I'll forget about whatever was undefined.

./cis-resume.cls:5: Undefined control sequence.
\GenericError  ...                                
                                                  \@empty \def \MessageBreak...
l.5 ...¹ãƒ†ãƒ å­¦ç§‘ æƒ…å ±ç³» å’æ¥­ç ”ç©¶è¦æ—¨]
                                                  
The control sequence at the end of the top line
of your error message was never \def'ed. If you have
misspelled it (e.g., `\hobx'), type `I' and the correct
spelling (e.g., `I\hbox'). Otherwise just continue,
and I'll forget about whatever was undefined.

./cis-resume.cls:5: Undefined control sequence.
\GenericError  ...                                
                                                     \endgroup 
l.5 ...¹ãƒ†ãƒ å­¦ç§‘ æƒ…å ±ç³» å’æ¥­ç ”ç©¶è¦æ—¨]
                                                  
The control sequence at the end of the top line
of your error message was never \def'ed. If you have
misspelled it (e.g., `\hobx'), type `I' and the correct
spelling (e.g., `I\hbox'). Otherwise just continue,
and I'll forget about whatever was undefined.

./cis-resume.cls:5: Undefined control sequence.
\GenericError  ...                                
                                                    #4  \errhelp \@err@     ...
l.5 ...¹ãƒ†ãƒ å­¦ç§‘ æƒ…å ±ç³» å’æ¥­ç ”ç©¶è¦æ—¨]
                                                  
The control sequence at the end of the top line
of your error message was never \def'ed. If you have
misspelled it (e.g., `\hobx'), type `I' and the correct
spelling (e.g., `I\hbox'). Otherwise just continue,
and I'll forget about whatever was undefined.

./cis-resume.cls:5: Undefined control sequence.
\GenericError  ...                                
                                                  \let \@err@               ...
l.5 ...¹ãƒ†ãƒ å­¦ç§‘ æƒ…å ±ç³» å’æ¥­ç ”ç©¶è¦æ—¨]
                                                  
The control sequence at the end of the top line
of your error message was never \def'ed. If you have
misspelled it (e.g., `\hobx'), type `I' and the correct
spelling (e.g., `I\hbox'). Otherwise just continue,
and I'll forget about whatever was undefined.

./cis-resume.cls:5: Undefined control sequence.
\GenericError  ...                                
                                                  \@empty \def \MessageBreak...
l.5 ...¹ãƒ†ãƒ å­¦ç§‘ æƒ…å ±ç³» å’æ¥­ç ”ç©¶è¦æ—¨]
                                                  
The control sequence at the end of the top line
of your error message was never \def'ed. If you have
misspelled it (e.g., `\hobx'), type `I' and the correct
spelling (e.g., `I\hbox'). Otherwise just continue,
and I'll forget about whatever was undefined.

./cis-resume.cls:5: Undefined control sequence.
\GenericError  ...                                
                                                     \endgroup 
l.5 ...¹ãƒ†ãƒ å­¦ç§‘ æƒ…å ±ç³» å’æ¥­ç ”ç©¶è¦æ—¨]
                                                  
The control sequence at the end of the top line
of your error message was never \def'ed. If you have
misspelled it (e.g., `\hobx'), type `I' and the correct
spelling (e.g., `I\hbox'). Otherwise just continue,
and I'll forget about whatever was undefined.

./cis-resume.cls:5: Undefined control sequence.
\GenericError  ...                                
                                                    #4  \errhelp \@err@     ...
l.5 ...¹ãƒ†ãƒ å­¦ç§‘ æƒ…å ±ç³» å’æ¥­ç ”ç©¶è¦æ—¨]
                                                  
The control sequence at the end of the top line
of your error message was never \def'ed. If you have
misspelled it (e.g., `\hobx'), type `I' and the correct
spelling (e.g., `I\hbox'). Otherwise just continue,
and I'll forget about whatever was undefined.

./cis-resume.cls:5: Undefined control sequence.
\GenericError  ...                                
                                                  \let \@err@               ...
l.5 ...¹ãƒ†ãƒ å­¦ç§‘ æƒ…å ±ç³» å’æ¥­ç ”ç©¶è¦æ—¨]
                                                  
The control sequence at the end of the top line
of your error message was never \def'ed. If you have
misspelled it (e.g., `\hobx'), type `I' and the correct
spelling (e.g., `I\hbox'). Otherwise just continue,
and I'll forget about whatever was undefined.

./cis-resume.cls:5: Undefined control sequence.
\GenericError  ...                                
                                                  \@empty \def \MessageBreak...
l.5 ...¹ãƒ†ãƒ å­¦ç§‘ æƒ…å ±ç³» å’æ¥­ç ”ç©¶è¦æ—¨]
                                                  
The control sequence at the end of the top line
of your error message was never \def'ed. If you have
misspelled it (e.g., `\hobx'), type `I' and the correct
spelling (e.g., `I\hbox'). Otherwise just continue,
and I'll forget about whatever was undefined.

./cis-resume.cls:5: Undefined control sequence.
\GenericError  ...                                
                                                     \endgroup 
l.5 ...¹ãƒ†ãƒ å­¦ç§‘ æƒ…å ±ç³» å’æ¥­ç ”ç©¶è¦æ—¨]
                                                  
The control sequence at the end of the top line
of your error message was never \def'ed. If you have
misspelled it (e.g., `\hobx'), type `I' and the correct
spelling (e.g., `I\hbox'). Otherwise just continue,
and I'll forget about whatever was undefined.

./cis-resume.cls:5: Undefined control sequence.
\GenericError  ...                                
                                                    #4  \errhelp \@err@     ...
l.5 ...¹ãƒ†ãƒ å­¦ç§‘ æƒ…å ±ç³» å’æ¥­ç ”ç©¶è¦æ—¨]
                                                  
The control sequence at the end of the top line
of your error message was never \def'ed. If you have
misspelled it (e.g., `\hobx'), type `I' and the correct
spelling (e.g., `I\hbox'). Otherwise just continue,
and I'll forget about whatever was undefined.

./cis-resume.cls:5: Undefined control sequence.
\GenericError  ...                                
                                                  \let \@err@               ...
l.5 ...¹ãƒ†ãƒ å­¦ç§‘ æƒ…å ±ç³» å’æ¥­ç ”ç©¶è¦æ—¨]
                                                  
The control sequence at the end of the top line
of your error message was never \def'ed. If you have
misspelled it (e.g., `\hobx'), type `I' and the correct
spelling (e.g., `I\hbox'). Otherwise just continue,
and I'll forget about whatever was undefined.

./cis-resume.cls:5: Undefined control sequence.
\GenericError  ...                                
                                                  \@empty \def \MessageBreak...
l.5 ...¹ãƒ†ãƒ å­¦ç§‘ æƒ…å ±ç³» å’æ¥­ç ”ç©¶è¦æ—¨]
                                                  
The control sequence at the end of the top line
of your error message was never \def'ed. If you have
misspelled it (e.g., `\hobx'), type `I' and the correct
spelling (e.g., `I\hbox'). Otherwise just continue,
and I'll forget about whatever was undefined.

./cis-resume.cls:5: Undefined control sequence.
\GenericError  ...                                
                                                     \endgroup 
l.5 ...¹ãƒ†ãƒ å­¦ç§‘ æƒ…å ±ç³» å’æ¥­ç ”ç©¶è¦æ—¨]
                                                  
The control sequence at the end of the top line
of your error message was never \def'ed. If you have
misspelled it (e.g., `\hobx'), type `I' and the correct
spelling (e.g., `I\hbox'). Otherwise just continue,
and I'll forget about whatever was undefined.

./cis-resume.cls:5: Undefined control sequence.
\GenericError  ...                                
                                                    #4  \errhelp \@err@     ...
l.5 ...¹ãƒ†ãƒ å­¦ç§‘ æƒ…å ±ç³» å’æ¥­ç ”ç©¶è¦æ—¨]
                                                  
The control sequence at the end of the top line
of your error message was never \def'ed. If you have
misspelled it (e.g., `\hobx'), type `I' and the correct
spelling (e.g., `I\hbox'). Otherwise just continue,
and I'll forget about whatever was undefined.

./cis-resume.cls:5: Undefined control sequence.
\GenericError  ...                                
                                                  \let \@err@               ...
l.5 ...¹ãƒ†ãƒ å­¦ç§‘ æƒ…å ±ç³» å’æ¥­ç ”ç©¶è¦æ—¨]
                                                  
The control sequence at the end of the top line
of your error message was never \def'ed. If you have
misspelled it (e.g., `\hobx'), type `I' and the correct
spelling (e.g., `I\hbox'). Otherwise just continue,
and I'll forget about whatever was undefined.

./cis-resume.cls:5: Undefined control sequence.
\GenericError  ...                                
                                                  \@empty \def \MessageBreak...
l.5 ...¹ãƒ†ãƒ å­¦ç§‘ æƒ…å ±ç³» å’æ¥­ç ”ç©¶è¦æ—¨]
                                                  
The control sequence at the end of the top line
of your error message was never \def'ed. If you have
misspelled it (e.g., `\hobx'), type `I' and the correct
spelling (e.g., `I\hbox'). Otherwise just continue,
and I'll forget about whatever was undefined.

./cis-resume.cls:5: Undefined control sequence.
\GenericError  ...                                
                                                     \endgroup 
l.5 ...¹ãƒ†ãƒ å­¦ç§‘ æƒ…å ±ç³» å’æ¥­ç ”ç©¶è¦æ—¨]
                                                  
The control sequence at the end of the top line
of your error message was never \def'ed. If you have
misspelled it (e.g., `\hobx'), type `I' and the correct
spelling (e.g., `I\hbox'). Otherwise just continue,
and I'll forget about whatever was undefined.

./cis-resume.cls:5: Undefined control sequence.
\GenericError  ...                                
                                                    #4  \errhelp \@err@     ...
l.5 ...¹ãƒ†ãƒ å­¦ç§‘ æƒ…å ±ç³» å’æ¥­ç ”ç©¶è¦æ—¨]
                                                  
The control sequence at the end of the top line
of your error message was never \def'ed. If you have
misspelled it (e.g., `\hobx'), type `I' and the correct
spelling (e.g., `I\hbox'). Otherwise just continue,
and I'll forget about whatever was undefined.

./cis-resume.cls:5: Undefined control sequence.
\GenericError  ...                                
                                                  \let \@err@               ...
l.5 ...¹ãƒ†ãƒ å­¦ç§‘ æƒ…å ±ç³» å’æ¥­ç ”ç©¶è¦æ—¨]
                                                  
The control sequence at the end of the top line
of your error message was never \def'ed. If you have
misspelled it (e.g., `\hobx'), type `I' and the correct
spelling (e.g., `I\hbox'). Otherwise just continue,
and I'll forget about whatever was undefined.

./cis-resume.cls:5: Undefined control sequence.
\GenericError  ...                                
                                                  \@empty \def \MessageBreak...
l.5 ...¹ãƒ†ãƒ å­¦ç§‘ æƒ…å ±ç³» å’æ¥­ç ”ç©¶è¦æ—¨]
                                                  
The control sequence at the end of the top line
of your error message was never \def'ed. If you have
misspelled it (e.g., `\hobx'), type `I' and the correct
spelling (e.g., `I\hbox'). Otherwise just continue,
and I'll forget about whatever was undefined.

./cis-resume.cls:5: Undefined control sequence.
\GenericError  ...                                
                                                     \endgroup 
l.5 ...¹ãƒ†ãƒ å­¦ç§‘ æƒ…å ±ç³» å’æ¥­ç ”ç©¶è¦æ—¨]
                                                  
The control sequence at the end of the top line
of your error message was never \def'ed. If you have
misspelled it (e.g., `\hobx'), type `I' and the correct
spelling (e.g., `I\hbox'). Otherwise just continue,
and I'll forget about whatever was undefined.

./cis-resume.cls:5: Undefined control sequence.
\GenericError  ...                                
                                                    #4  \errhelp \@err@     ...
l.5 ...¹ãƒ†ãƒ å­¦ç§‘ æƒ…å ±ç³» å’æ¥­ç ”ç©¶è¦æ—¨]
                                                  
The control sequence at the end of the top line
of your error message was never \def'ed. If you have
misspelled it (e.g., `\hobx'), type `I' and the correct
spelling (e.g., `I\hbox'). Otherwise just continue,
and I'll forget about whatever was undefined.

./cis-resume.cls:5: Undefined control sequence.
\GenericError  ...                                
                                                  \let \@err@               ...
l.5 ...¹ãƒ†ãƒ å­¦ç§‘ æƒ…å ±ç³» å’æ¥­ç ”ç©¶è¦æ—¨]
                                                  
The control sequence at the end of the top line
of your error message was never \def'ed. If you have
misspelled it (e.g., `\hobx'), type `I' and the correct
spelling (e.g., `I\hbox'). Otherwise just continue,
and I'll forget about whatever was undefined.

./cis-resume.cls:5: Undefined control sequence.
\GenericError  ...                                
                                                  \@empty \def \MessageBreak...
l.5 ...¹ãƒ†ãƒ å­¦ç§‘ æƒ…å ±ç³» å’æ¥­ç ”ç©¶è¦æ—¨]
                                                  
The control sequence at the end of the top line
of your error message was never \def'ed. If you have
misspelled it (e.g., `\hobx'), type `I' and the correct
spelling (e.g., `I\hbox'). Otherwise just continue,
and I'll forget about whatever was undefined.

./cis-resume.cls:5: Undefined control sequence.
\GenericError  ...                                
                                                     \endgroup 
l.5 ...¹ãƒ†ãƒ å­¦ç§‘ æƒ…å ±ç³» å’æ¥­ç ”ç©¶è¦æ—¨]
                                                  
The control sequence at the end of the top line
of your error message was never \def'ed. If you have
misspelled it (e.g., `\hobx'), type `I' and the correct
spelling (e.g., `I\hbox'). Otherwise just continue,
and I'll forget about whatever was undefined.

./cis-resume.cls:5: Undefined control sequence.
\GenericError  ...                                
                                                    #4  \errhelp \@err@     ...
l.5 ...¹ãƒ†ãƒ å­¦ç§‘ æƒ…å ±ç³» å’æ¥­ç ”ç©¶è¦æ—¨]
                                                  
The control sequence at the end of the top line
of your error message was never \def'ed. If you have
misspelled it (e.g., `\hobx'), type `I' and the correct
spelling (e.g., `I\hbox'). Otherwise just continue,
and I'll forget about whatever was undefined.

./cis-resume.cls:5: Undefined control sequence.
\GenericError  ...                                
                                                  \let \@err@               ...
l.5 ...¹ãƒ†ãƒ å­¦ç§‘ æƒ…å ±ç³» å’æ¥­ç ”ç©¶è¦æ—¨]
                                                  
The control sequence at the end of the top line
of your error message was never \def'ed. If you have
misspelled it (e.g., `\hobx'), type `I' and the correct
spelling (e.g., `I\hbox'). Otherwise just continue,
and I'll forget about whatever was undefined.

./cis-resume.cls:5: Undefined control sequence.
\GenericError  ...                                
                                                  \@empty \def \MessageBreak...
l.5 ...¹ãƒ†ãƒ å­¦ç§‘ æƒ…å ±ç³» å’æ¥­ç ”ç©¶è¦æ—¨]
                                                  
The control sequence at the end of the top line
of your error message was never \def'ed. If you have
misspelled it (e.g., `\hobx'), type `I' and the correct
spelling (e.g., `I\hbox'). Otherwise just continue,
and I'll forget about whatever was undefined.

./cis-resume.cls:5: Undefined control sequence.
\GenericError  ...                                
                                                     \endgroup 
l.5 ...¹ãƒ†ãƒ å­¦ç§‘ æƒ…å ±ç³» å’æ¥­ç ”ç©¶è¦æ—¨]
                                                  
The control sequence at the end of the top line
of your error message was never \def'ed. If you have
misspelled it (e.g., `\hobx'), type `I' and the correct
spelling (e.g., `I\hbox'). Otherwise just continue,
and I'll forget about whatever was undefined.

./cis-resume.cls:5: Undefined control sequence.
\GenericError  ...                                
                                                    #4  \errhelp \@err@     ...
l.5 ...¹ãƒ†ãƒ å­¦ç§‘ æƒ…å ±ç³» å’æ¥­ç ”ç©¶è¦æ—¨]
                                                  
The control sequence at the end of the top line
of your error message was never \def'ed. If you have
misspelled it (e.g., `\hobx'), type `I' and the correct
spelling (e.g., `I\hbox'). Otherwise just continue,
and I'll forget about whatever was undefined.

./cis-resume.cls:5: Undefined control sequence.
\GenericError  ...                                
                                                  \let \@err@               ...
l.5 ...¹ãƒ†ãƒ å­¦ç§‘ æƒ…å ±ç³» å’æ¥­ç ”ç©¶è¦æ—¨]
                                                  
The control sequence at the end of the top line
of your error message was never \def'ed. If you have
misspelled it (e.g., `\hobx'), type `I' and the correct
spelling (e.g., `I\hbox'). Otherwise just continue,
and I'll forget about whatever was undefined.

./cis-resume.cls:5: Undefined control sequence.
\GenericError  ...                                
                                                  \@empty \def \MessageBreak...
l.5 ...¹ãƒ†ãƒ å­¦ç§‘ æƒ…å ±ç³» å’æ¥­ç ”ç©¶è¦æ—¨]
                                                  
The control sequence at the end of the top line
of your error message was never \def'ed. If you have
misspelled it (e.g., `\hobx'), type `I' and the correct
spelling (e.g., `I\hbox'). Otherwise just continue,
and I'll forget about whatever was undefined.

./cis-resume.cls:5: Undefined control sequence.
\GenericError  ...                                
                                                     \endgroup 
l.5 ...¹ãƒ†ãƒ å­¦ç§‘ æƒ…å ±ç³» å’æ¥­ç ”ç©¶è¦æ—¨]
                                                  
The control sequence at the end of the top line
of your error message was never \def'ed. If you have
misspelled it (e.g., `\hobx'), type `I' and the correct
spelling (e.g., `I\hbox'). Otherwise just continue,
and I'll forget about whatever was undefined.

./cis-resume.cls:5: Undefined control sequence.
\GenericError  ...                                
                                                    #4  \errhelp \@err@     ...
l.5 ...¹ãƒ†ãƒ å­¦ç§‘ æƒ…å ±ç³» å’æ¥­ç ”ç©¶è¦æ—¨]
                                                  
The control sequence at the end of the top line
of your error message was never \def'ed. If you have
misspelled it (e.g., `\hobx'), type `I' and the correct
spelling (e.g., `I\hbox'). Otherwise just continue,
and I'll forget about whatever was undefined.

./cis-resume.cls:5: Undefined control sequence.
\GenericError  ...                                
                                                  \let \@err@               ...
l.5 ...¹ãƒ†ãƒ å­¦ç§‘ æƒ…å ±ç³» å’æ¥­ç ”ç©¶è¦æ—¨]
                                                  
The control sequence at the end of the top line
of your error message was never \def'ed. If you have
misspelled it (e.g., `\hobx'), type `I' and the correct
spelling (e.g., `I\hbox'). Otherwise just continue,
and I'll forget about whatever was undefined.

./cis-resume.cls:5: Undefined control sequence.
\GenericError  ...                                
                                                  \@empty \def \MessageBreak...
l.5 ...¹ãƒ†ãƒ å­¦ç§‘ æƒ…å ±ç³» å’æ¥­ç ”ç©¶è¦æ—¨]
                                                  
The control sequence at the end of the top line
of your error message was never \def'ed. If you have
misspelled it (e.g., `\hobx'), type `I' and the correct
spelling (e.g., `I\hbox'). Otherwise just continue,
and I'll forget about whatever was undefined.

./cis-resume.cls:5: Undefined control sequence.
\GenericError  ...                                
                                                     \endgroup 
l.5 ...¹ãƒ†ãƒ å­¦ç§‘ æƒ…å ±ç³» å’æ¥­ç ”ç©¶è¦æ—¨]
                                                  
The control sequence at the end of the top line
of your error message was never \def'ed. If you have
misspelled it (e.g., `\hobx'), type `I' and the correct
spelling (e.g., `I\hbox'). Otherwise just continue,
and I'll forget about whatever was undefined.

./cis-resume.cls:5: Undefined control sequence.
\GenericError  ...                                
                                                    #4  \errhelp \@err@     ...
l.5 ...¹ãƒ†ãƒ å­¦ç§‘ æƒ…å ±ç³» å’æ¥­ç ”ç©¶è¦æ—¨]
                                                  
The control sequence at the end of the top line
of your error message was never \def'ed. If you have
misspelled it (e.g., `\hobx'), type `I' and the correct
spelling (e.g., `I\hbox'). Otherwise just continue,
and I'll forget about whatever was undefined.

./cis-resume.cls:5: Undefined control sequence.
\GenericError  ...                                
                                                  \let \@err@               ...
l.5 ...¹ãƒ†ãƒ å­¦ç§‘ æƒ…å ±ç³» å’æ¥­ç ”ç©¶è¦æ—¨]
                                                  
The control sequence at the end of the top line
of your error message was never \def'ed. If you have
misspelled it (e.g., `\hobx'), type `I' and the correct
spelling (e.g., `I\hbox'). Otherwise just continue,
and I'll forget about whatever was undefined.

./cis-resume.cls:5: Undefined control sequence.
\GenericError  ...                                
                                                  \@empty \def \MessageBreak...
l.5 ...¹ãƒ†ãƒ å­¦ç§‘ æƒ…å ±ç³» å’æ¥­ç ”ç©¶è¦æ—¨]
                                                  
The control sequence at the end of the top line
of your error message was never \def'ed. If you have
misspelled it (e.g., `\hobx'), type `I' and the correct
spelling (e.g., `I\hbox'). Otherwise just continue,
and I'll forget about whatever was undefined.

./cis-resume.cls:5: Undefined control sequence.
\GenericError  ...                                
                                                     \endgroup 
l.5 ...¹ãƒ†ãƒ å­¦ç§‘ æƒ…å ±ç³» å’æ¥­ç ”ç©¶è¦æ—¨]
                                                  
The control sequence at the end of the top line
of your error message was never \def'ed. If you have
misspelled it (e.g., `\hobx'), type `I' and the correct
spelling (e.g., `I\hbox'). Otherwise just continue,
and I'll forget about whatever was undefined.

./cis-resume.cls:5: Undefined control sequence.
\GenericError  ...                                
                                                    #4  \errhelp \@err@     ...
l.5 ...¹ãƒ†ãƒ å­¦ç§‘ æƒ…å ±ç³» å’æ¥­ç ”ç©¶è¦æ—¨]
                                                  
The control sequence at the end of the top line
of your error message was never \def'ed. If you have
misspelled it (e.g., `\hobx'), type `I' and the correct
spelling (e.g., `I\hbox'). Otherwise just continue,
and I'll forget about whatever was undefined.

./cis-resume.cls:5: Undefined control sequence.
\GenericError  ...                                
                                                  \let \@err@               ...
l.5 ...¹ãƒ†ãƒ å­¦ç§‘ æƒ…å ±ç³» å’æ¥­ç ”ç©¶è¦æ—¨]
                                                  
The control sequence at the end of the top line
of your error message was never \def'ed. If you have
misspelled it (e.g., `\hobx'), type `I' and the correct
spelling (e.g., `I\hbox'). Otherwise just continue,
and I'll forget about whatever was undefined.

./cis-resume.cls:5: Undefined control sequence.
\GenericError  ...                                
                                                  \@empty \def \MessageBreak...
l.5 ...¹ãƒ†ãƒ å­¦ç§‘ æƒ…å ±ç³» å’æ¥­ç ”ç©¶è¦æ—¨]
                                                  
The control sequence at the end of the top line
of your error message was never \def'ed. If you have
misspelled it (e.g., `\hobx'), type `I' and the correct
spelling (e.g., `I\hbox'). Otherwise just continue,
and I'll forget about whatever was undefined.

./cis-resume.cls:5: Undefined control sequence.
\GenericError  ...                                
                                                     \endgroup 
l.5 ...¹ãƒ†ãƒ å­¦ç§‘ æƒ…å ±ç³» å’æ¥­ç ”ç©¶è¦æ—¨]
                                                  
The control sequence at the end of the top line
of your error message was never \def'ed. If you have
misspelled it (e.g., `\hobx'), type `I' and the correct
spelling (e.g., `I\hbox'). Otherwise just continue,
and I'll forget about whatever was undefined.

./cis-resume.cls:5: Undefined control sequence.
\GenericError  ...                                
                                                    #4  \errhelp \@err@     ...
l.5 ...¹ãƒ†ãƒ å­¦ç§‘ æƒ…å ±ç³» å’æ¥­ç ”ç©¶è¦æ—¨]
                                                  
The control sequence at the end of the top line
of your error message was never \def'ed. If you have
misspelled it (e.g., `\hobx'), type `I' and the correct
spelling (e.g., `I\hbox'). Otherwise just continue,
and I'll forget about whatever was undefined.

./cis-resume.cls:5: Undefined control sequence.
\GenericError  ...                                
                                                  \let \@err@               ...
l.5 ...¹ãƒ†ãƒ å­¦ç§‘ æƒ…å ±ç³» å’æ¥­ç ”ç©¶è¦æ—¨]
                                                  
The control sequence at the end of the top line
of your error message was never \def'ed. If you have
misspelled it (e.g., `\hobx'), type `I' and the correct
spelling (e.g., `I\hbox'). Otherwise just continue,
and I'll forget about whatever was undefined.

./cis-resume.cls:5: Undefined control sequence.
\GenericError  ...                                
                                                  \@empty \def \MessageBreak...
l.5 ...¹ãƒ†ãƒ å­¦ç§‘ æƒ…å ±ç³» å’æ¥­ç ”ç©¶è¦æ—¨]
                                                  
The control sequence at the end of the top line
of your error message was never \def'ed. If you have
misspelled it (e.g., `\hobx'), type `I' and the correct
spelling (e.g., `I\hbox'). Otherwise just continue,
and I'll forget about whatever was undefined.

./cis-resume.cls:5: Undefined control sequence.
\GenericError  ...                                
                                                     \endgroup 
l.5 ...¹ãƒ†ãƒ å­¦ç§‘ æƒ…å ±ç³» å’æ¥­ç ”ç©¶è¦æ—¨]
                                                  
The control sequence at the end of the top line
of your error message was never \def'ed. If you have
misspelled it (e.g., `\hobx'), type `I' and the correct
spelling (e.g., `I\hbox'). Otherwise just continue,
and I'll forget about whatever was undefined.

./cis-resume.cls:5: Undefined control sequence.
\GenericError  ...                                
                                                    #4  \errhelp \@err@     ...
l.5 ...¹ãƒ†ãƒ å­¦ç§‘ æƒ…å ±ç³» å’æ¥­ç ”ç©¶è¦æ—¨]
                                                  
The control sequence at the end of the top line
of your error message was never \def'ed. If you have
misspelled it (e.g., `\hobx'), type `I' and the correct
spelling (e.g., `I\hbox'). Otherwise just continue,
and I'll forget about whatever was undefined.

./cis-resume.cls:5: Undefined control sequence.
\GenericError  ...                                
                                                  \let \@err@               ...
l.5 ...¹ãƒ†ãƒ å­¦ç§‘ æƒ…å ±ç³» å’æ¥­ç ”ç©¶è¦æ—¨]
                                                  
The control sequence at the end of the top line
of your error message was never \def'ed. If you have
misspelled it (e.g., `\hobx'), type `I' and the correct
spelling (e.g., `I\hbox'). Otherwise just continue,
and I'll forget about whatever was undefined.

./cis-resume.cls:5: Undefined control sequence.
\GenericError  ...                                
                                                  \@empty \def \MessageBreak...
l.5 ...¹ãƒ†ãƒ å­¦ç§‘ æƒ…å ±ç³» å’æ¥­ç ”ç©¶è¦æ—¨]
                                                  
The control sequence at the end of the top line
of your error message was never \def'ed. If you have
misspelled it (e.g., `\hobx'), type `I' and the correct
spelling (e.g., `I\hbox'). Otherwise just continue,
and I'll forget about whatever was undefined.

./cis-resume.cls:5: Undefined control sequence.
\GenericError  ...                                
                                                     \endgroup 
l.5 ...¹ãƒ†ãƒ å­¦ç§‘ æƒ…å ±ç³» å’æ¥­ç ”ç©¶è¦æ—¨]
                                                  
The control sequence at the end of the top line
of your error message was never \def'ed. If you have
misspelled it (e.g., `\hobx'), type `I' and the correct
spelling (e.g., `I\hbox'). Otherwise just continue,
and I'll forget about whatever was undefined.

./cis-resume.cls:5: Undefined control sequence.
\GenericError  ...                                
                                                    #4  \errhelp \@err@     ...
l.5 ...¹ãƒ†ãƒ å­¦ç§‘ æƒ…å ±ç³» å’æ¥­ç ”ç©¶è¦æ—¨]
                                                  
The control sequence at the end of the top line
of your error message was never \def'ed. If you have
misspelled it (e.g., `\hobx'), type `I' and the correct
spelling (e.g., `I\hbox'). Otherwise just continue,
and I'll forget about whatever was undefined.

./cis-resume.cls:5: Undefined control sequence.
\GenericError  ...                                
                                                  \let \@err@               ...
l.5 ...¹ãƒ†ãƒ å­¦ç§‘ æƒ…å ±ç³» å’æ¥­ç ”ç©¶è¦æ—¨]
                                                  
The control sequence at the end of the top line
of your error message was never \def'ed. If you have
misspelled it (e.g., `\hobx'), type `I' and the correct
spelling (e.g., `I\hbox'). Otherwise just continue,
and I'll forget about whatever was undefined.

./cis-resume.cls:5: Undefined control sequence.
\GenericError  ...                                
                                                  \@empty \def \MessageBreak...
l.5 ...¹ãƒ†ãƒ å­¦ç§‘ æƒ…å ±ç³» å’æ¥­ç ”ç©¶è¦æ—¨]
                                                  
The control sequence at the end of the top line
of your error message was never \def'ed. If you have
misspelled it (e.g., `\hobx'), type `I' and the correct
spelling (e.g., `I\hbox'). Otherwise just continue,
and I'll forget about whatever was undefined.

./cis-resume.cls:5: Undefined control sequence.
\GenericError  ...                                
                                                     \endgroup 
l.5 ...¹ãƒ†ãƒ å­¦ç§‘ æƒ…å ±ç³» å’æ¥­ç ”ç©¶è¦æ—¨]
                                                  
The control sequence at the end of the top line
of your error message was never \def'ed. If you have
misspelled it (e.g., `\hobx'), type `I' and the correct
spelling (e.g., `I\hbox'). Otherwise just continue,
and I'll forget about whatever was undefined.

./cis-resume.cls:5: Undefined control sequence.
\GenericError  ...                                
                                                    #4  \errhelp \@err@     ...
l.5 ...¹ãƒ†ãƒ å­¦ç§‘ æƒ…å ±ç³» å’æ¥­ç ”ç©¶è¦æ—¨]
                                                  
The control sequence at the end of the top line
of your error message was never \def'ed. If you have
misspelled it (e.g., `\hobx'), type `I' and the correct
spelling (e.g., `I\hbox'). Otherwise just continue,
and I'll forget about whatever was undefined.

./cis-resume.cls:5: Undefined control sequence.
\GenericError  ...                                
                                                  \let \@err@               ...
l.5 ...¹ãƒ†ãƒ å­¦ç§‘ æƒ…å ±ç³» å’æ¥­ç ”ç©¶è¦æ—¨]
                                                  
The control sequence at the end of the top line
of your error message was never \def'ed. If you have
misspelled it (e.g., `\hobx'), type `I' and the correct
spelling (e.g., `I\hbox'). Otherwise just continue,
and I'll forget about whatever was undefined.

./cis-resume.cls:5: Undefined control sequence.
\GenericError  ...                                
                                                  \@empty \def \MessageBreak...
l.5 ...¹ãƒ†ãƒ å­¦ç§‘ æƒ…å ±ç³» å’æ¥­ç ”ç©¶è¦æ—¨]
                                                  
The control sequence at the end of the top line
of your error message was never \def'ed. If you have
misspelled it (e.g., `\hobx'), type `I' and the correct
spelling (e.g., `I\hbox'). Otherwise just continue,
and I'll forget about whatever was undefined.

./cis-resume.cls:5: Undefined control sequence.
\GenericError  ...                                
                                                     \endgroup 
l.5 ...¹ãƒ†ãƒ å­¦ç§‘ æƒ…å ±ç³» å’æ¥­ç ”ç©¶è¦æ—¨]
                                                  
The control sequence at the end of the top line
of your error message was never \def'ed. If you have
misspelled it (e.g., `\hobx'), type `I' and the correct
spelling (e.g., `I\hbox'). Otherwise just continue,
and I'll forget about whatever was undefined.

./cis-resume.cls:5: Undefined control sequence.
\GenericError  ...                                
                                                    #4  \errhelp \@err@     ...
l.5 ...¹ãƒ†ãƒ å­¦ç§‘ æƒ…å ±ç³» å’æ¥­ç ”ç©¶è¦æ—¨]
                                                  
The control sequence at the end of the top line
of your error message was never \def'ed. If you have
misspelled it (e.g., `\hobx'), type `I' and the correct
spelling (e.g., `I\hbox'). Otherwise just continue,
and I'll forget about whatever was undefined.

./cis-resume.cls:5: Undefined control sequence.
\GenericError  ...                                
                                                  \let \@err@               ...
l.5 ...¹ãƒ†ãƒ å­¦ç§‘ æƒ…å ±ç³» å’æ¥­ç ”ç©¶è¦æ—¨]
                                                  
The control sequence at the end of the top line
of your error message was never \def'ed. If you have
misspelled it (e.g., `\hobx'), type `I' and the correct
spelling (e.g., `I\hbox'). Otherwise just continue,
and I'll forget about whatever was undefined.

./cis-resume.cls:5: Undefined control sequence.
\GenericError  ...                                
                                                  \@empty \def \MessageBreak...
l.5 ...¹ãƒ†ãƒ å­¦ç§‘ æƒ…å ±ç³» å’æ¥­ç ”ç©¶è¦æ—¨]
                                                  
The control sequence at the end of the top line
of your error message was never \def'ed. If you have
misspelled it (e.g., `\hobx'), type `I' and the correct
spelling (e.g., `I\hbox'). Otherwise just continue,
and I'll forget about whatever was undefined.

./cis-resume.cls:5: Undefined control sequence.
\GenericError  ...                                
                                                     \endgroup 
l.5 ...¹ãƒ†ãƒ å­¦ç§‘ æƒ…å ±ç³» å’æ¥­ç ”ç©¶è¦æ—¨]
                                                  
The control sequence at the end of the top line
of your error message was never \def'ed. If you have
misspelled it (e.g., `\hobx'), type `I' and the correct
spelling (e.g., `I\hbox'). Otherwise just continue,
and I'll forget about whatever was undefined.

./cis-resume.cls:5: Undefined control sequence.
\GenericError  ...                                
                                                    #4  \errhelp \@err@     ...
l.5 ...¹ãƒ†ãƒ å­¦ç§‘ æƒ…å ±ç³» å’æ¥­ç ”ç©¶è¦æ—¨]
                                                  
The control sequence at the end of the top line
of your error message was never \def'ed. If you have
misspelled it (e.g., `\hobx'), type `I' and the correct
spelling (e.g., `I\hbox'). Otherwise just continue,
and I'll forget about whatever was undefined.

./cis-resume.cls:5: Undefined control sequence.
\GenericError  ...                                
                                                  \let \@err@               ...
l.5 ...¹ãƒ†ãƒ å­¦ç§‘ æƒ…å ±ç³» å’æ¥­ç ”ç©¶è¦æ—¨]
                                                  
The control sequence at the end of the top line
of your error message was never \def'ed. If you have
misspelled it (e.g., `\hobx'), type `I' and the correct
spelling (e.g., `I\hbox'). Otherwise just continue,
and I'll forget about whatever was undefined.

./cis-resume.cls:5: Undefined control sequence.
\GenericError  ...                                
                                                  \@empty \def \MessageBreak...
l.5 ...¹ãƒ†ãƒ å­¦ç§‘ æƒ…å ±ç³» å’æ¥­ç ”ç©¶è¦æ—¨]
                                                  
The control sequence at the end of the top line
of your error message was never \def'ed. If you have
misspelled it (e.g., `\hobx'), type `I' and the correct
spelling (e.g., `I\hbox'). Otherwise just continue,
and I'll forget about whatever was undefined.

./cis-resume.cls:5: Undefined control sequence.
\GenericError  ...                                
                                                     \endgroup 
l.5 ...¹ãƒ†ãƒ å­¦ç§‘ æƒ…å ±ç³» å’æ¥­ç ”ç©¶è¦æ—¨]
                                                  
(That makes 100 errors; please try again.) 
Here is how much of TeX's memory you used:
 33 strings out of 492158
 399 string characters out of 6127525
 66129 words of memory out of 5000000
 4498 multiletter control sequences out of 15000+600000
 3640 words of font info for 14 fonts, out of 8000000 for 9000
 1141 hyphenation exceptions out of 8191
 21i,0n,16p,194b,10s stack positions out of 5000i,500n,10000p,500000b,80000s

./cis-resume.cls:5:  ==> Fatal error occurred, no output PDF file produced!
